<?xml version="1.0" encoding="UTF-8"?>
<!-- Generated by org.testng.reporters.JUnitReportReporter -->
<testsuite skipped="0" hostname="Lenovo" name="org.tcl.Runprong" tests="5" failures="0" timestamp="28 Apr 2021 12:06:27 GMT" time="136.476" errors="0">
  <testcase name="tc1" time="22.665" classname="org.tcl.Runprong"/>
  <testcase name="tc0" time="27.270" classname="org.tcl.Runprong"/>
  <testcase name="tc0" time="41.325" classname="org.tcl.Runprong"/>
  <testcase name="tc0" time="21.391" classname="org.tcl.Runprong"/>
  <testcase name="tc1" time="23.825" classname="org.tcl.Runprong"/>
</testsuite> <!-- org.tcl.Runprong -->
