<?xml version="1.0" encoding="UTF-8"?>
<!-- Generated by org.testng.reporters.JUnitReportReporter -->
<testsuite skipped="0" hostname="Lenovo" name="org.extend.ExtRpt" tests="3" failures="0" timestamp="05 May 2021 05:26:09 GMT" time="14.750" errors="0">
  <testcase name="openWiki" time="5.344" classname="org.extend.ExtRpt"/>
  <testcase name="openBing" time="6.779" classname="org.extend.ExtRpt"/>
  <testcase name="opengoogle" time="2.627" classname="org.extend.ExtRpt"/>
</testsuite> <!-- org.extend.ExtRpt -->
