<?xml version="1.0" encoding="UTF-8"?>
<!-- Generated by org.testng.reporters.JUnitReportReporter -->
<testsuite skipped="0" hostname="Lenovo" name="org.extend.ExtReport" tests="2" failures="0" timestamp="05 May 2021 03:31:05 GMT" time="9.341" errors="0">
  <testcase name="facebook" time="6.969" classname="org.extend.ExtReport"/>
  <testcase name="facebook1" time="2.372" classname="org.extend.ExtReport"/>
</testsuite> <!-- org.extend.ExtReport -->
