<?xml version="1.0" encoding="UTF-8"?>
<!-- Generated by org.testng.reporters.JUnitReportReporter -->
<testsuite skipped="0" hostname="Lenovo" name="org.tcl.Testing2" tests="1" failures="0" timestamp="28 Apr 2021 10:41:20 GMT" time="16.698" errors="0">
  <testcase name="tc1" time="16.698" classname="org.tcl.Testing2"/>
</testsuite> <!-- org.tcl.Testing2 -->
