<?xml version="1.0" encoding="UTF-8"?>
<!-- Generated by org.testng.reporters.JUnitReportReporter -->
<testsuite skipped="0" hostname="Lenovo" name="org.tcl.Testing3" tests="3" failures="0" timestamp="28 Apr 2021 10:47:42 GMT" time="90.131" errors="0">
  <testcase name="tc2" time="31.041" classname="org.tcl.Testing3"/>
  <testcase name="tc2" time="35.955" classname="org.tcl.Testing3"/>
  <testcase name="tc2" time="23.135" classname="org.tcl.Testing3"/>
</testsuite> <!-- org.tcl.Testing3 -->
