<?xml version="1.0" encoding="UTF-8"?>
<!-- Generated by org.testng.reporters.JUnitReportReporter -->
<testsuite skipped="0" hostname="Lenovo" name="org.blaze.BlazeDemoAirTicket" tests="3" failures="0" timestamp="03 May 2021 05:16:40 GMT" time="46.526" errors="0">
  <testcase name="tc1" time="1.167" classname="org.blaze.BlazeDemoAirTicket"/>
  <testcase name="tc0" time="32.462" classname="org.blaze.BlazeDemoAirTicket"/>
  <testcase name="tc2" time="12.897" classname="org.blaze.BlazeDemoAirTicket"/>
</testsuite> <!-- org.blaze.BlazeDemoAirTicket -->
