<?xml version="1.0" encoding="UTF-8"?>
<!-- Generated by org.testng.reporters.JUnitReportReporter -->
<testsuite skipped="0" hostname="Lenovo" name="org.tcl.Testing" tests="1" failures="0" timestamp="28 Apr 2021 10:41:20 GMT" time="13.484" errors="0">
  <testcase name="tc0" time="13.484" classname="org.tcl.Testing"/>
</testsuite> <!-- org.tcl.Testing -->
