<?xml version="1.0" encoding="UTF-8"?>
<!-- Generated by org.testng.reporters.JUnitReportReporter -->
<testsuite skipped="0" hostname="Lenovo" name="org.group.Grouping" tests="4" failures="0" timestamp="29 Apr 2021 06:56:30 GMT" time="0.091" errors="0">
  <testcase name="tc3" time="0.031" classname="org.group.Grouping"/>
  <testcase name="tc5" time="0.015" classname="org.group.Grouping"/>
  <testcase name="tc2" time="0.014" classname="org.group.Grouping"/>
  <testcase name="tc0" time="0.031" classname="org.group.Grouping"/>
</testsuite> <!-- org.group.Grouping -->
